<?xml version="1.0" encoding="UTF-8"?>
<!-- Generated by org.testng.reporters.JUnitReportReporter -->
<testsuite hostname="SivaJyothi-HP" name="runner.TestRunner" tests="2" failures="0" timestamp="19 Dec 2017 05:47:08 GMT" time="152.793" errors="0">
  <testcase name="feature" time="82.547" classname="runner.TestRunner"/>
  <testcase name="feature" time="70.246" classname="runner.TestRunner"/>
</testsuite> <!-- runner.TestRunner -->
